-------------------------------------------------------------------------------
Test set: com.suai.tictactoe.GameTest
-------------------------------------------------------------------------------
Tests run: 1, Failures: 0, Errors: 1, Skipped: 0, Time elapsed: 0.613 s <<< FAILURE! - in com.suai.tictactoe.GameTest
initializationError(com.suai.tictactoe.GameTest)  Time elapsed: 0.001 s  <<< ERROR!
java.lang.IllegalStateException: Unable to find a @SpringBootConfiguration, you need to use @ContextConfiguration or @SpringBootTest(classes=...) with your test

